<?xml version="1.0" encoding="UTF-8"?>
<testsuite name="com.yagubogu.member.domain.MemberTest" tests="2" skipped="0" failures="0" errors="0" timestamp="2025-08-04T16:44:59.684Z" hostname="juno-3.local" time="0.006">
  <properties/>
  <testcase name="[1] role=ADMIN, expected=true" classname="com.yagubogu.member.domain.MemberTest" time="0.005"/>
  <testcase name="[2] role=USER, expected=false" classname="com.yagubogu.member.domain.MemberTest" time="0.001"/>
  <system-out><![CDATA[]]></system-out>
  <system-err><![CDATA[]]></system-err>
</testsuite>
