<?xml version="1.0" encoding="UTF-8"?>
<testsuite name="com.yagubogu.checkin.service.CheckInServiceTest" tests="7" skipped="0" failures="0" errors="0" timestamp="2025-08-04T16:44:58.824Z" hostname="juno-3.local" time="0.036">
  <properties/>
  <testcase name="경기를 찾을 수 없으면 예외가 발생한다" classname="com.yagubogu.checkin.service.CheckInServiceTest" time="0.006"/>
  <testcase name="직관 인증 내역을 모두 조회한다" classname="com.yagubogu.checkin.service.CheckInServiceTest" time="0.006"/>
  <testcase name="회원을 찾을 수 없으면 예외가 발생한다" classname="com.yagubogu.checkin.service.CheckInServiceTest" time="0.005"/>
  <testcase name="직관 인증 내역이 인증 날짜 내림차순으로 정렬되어 반환된다" classname="com.yagubogu.checkin.service.CheckInServiceTest" time="0.007"/>
  <testcase name="인증을 저장한다" classname="com.yagubogu.checkin.service.CheckInServiceTest" time="0.004"/>
  <testcase name="구장을 찾을 수 없으면 예외가 발생한다" classname="com.yagubogu.checkin.service.CheckInServiceTest" time="0.001"/>
  <testcase name="회원의 총 인증 횟수를 조회한다" classname="com.yagubogu.checkin.service.CheckInServiceTest" time="0.003"/>
  <system-out><![CDATA[2025-08-05T01:44:58.734+09:00  INFO 49548 --- [    Test worker] t.c.s.AnnotationConfigContextLoaderUtils : Could not detect default configuration classes for test class [com.yagubogu.checkin.service.CheckInServiceTest]: CheckInServiceTest does not declare any static, non-private, non-final, nested classes annotated with @Configuration.
2025-08-05T01:44:58.740+09:00  INFO 49548 --- [    Test worker] .b.t.c.SpringBootTestContextBootstrapper : Found @SpringBootConfiguration com.yagubogu.YaguboguApplication for test class com.yagubogu.checkin.service.CheckInServiceTest

  .   ____          _            __ _ _
 /\\ / ___'_ __ _ _(_)_ __  __ _ \ \ \ \
( ( )\___ | '_ | '_| | '_ \/ _` | \ \ \ \
 \\/  ___)| |_)| | | | | || (_| |  ) ) ) )
  '  |____| .__|_| |_|_| |_\__, | / / / /
 =========|_|==============|___/=/_/_/_/

 :: Spring Boot ::                (v3.5.3)

2025-08-05T01:44:58.746+09:00  INFO 49548 --- [    Test worker] c.y.checkin.service.CheckInServiceTest   : Starting CheckInServiceTest using Java 21.0.6 with PID 49548 (started by juno in /Users/juno/Workspace/2025-yagu-bogu/backend)
2025-08-05T01:44:58.747+09:00  INFO 49548 --- [    Test worker] c.y.checkin.service.CheckInServiceTest   : No active profile set, falling back to 1 default profile: "default"
2025-08-05T01:44:58.764+09:00  INFO 49548 --- [    Test worker] .s.d.r.c.RepositoryConfigurationDelegate : Bootstrapping Spring Data JPA repositories in DEFAULT mode.
2025-08-05T01:44:58.767+09:00  INFO 49548 --- [    Test worker] .s.d.r.c.RepositoryConfigurationDelegate : Finished Spring Data repository scanning in 3 ms. Found 5 JPA repository interfaces.
2025-08-05T01:44:58.770+09:00  INFO 49548 --- [    Test worker] beddedDataSourceBeanFactoryPostProcessor : Replacing 'dataSource' DataSource bean with embedded version
2025-08-05T01:44:58.776+09:00  INFO 49548 --- [    Test worker] o.s.j.d.e.EmbeddedDatabaseFactory        : Starting embedded database: url='jdbc:h2:mem:3a850f2b-b212-47fc-81e4-0c7d2ad08bbe;DB_CLOSE_DELAY=-1;DB_CLOSE_ON_EXIT=false', username='sa'
2025-08-05T01:44:58.780+09:00  INFO 49548 --- [    Test worker] o.hibernate.jpa.internal.util.LogHelper  : HHH000204: Processing PersistenceUnitInfo [name: default]
2025-08-05T01:44:58.781+09:00  INFO 49548 --- [    Test worker] o.h.c.internal.RegionFactoryInitiator    : HHH000026: Second-level cache disabled
2025-08-05T01:44:58.783+09:00  INFO 49548 --- [    Test worker] o.s.o.j.p.SpringPersistenceUnitInfo      : No LoadTimeWeaver setup: ignoring JPA class transformer
2025-08-05T01:44:58.783+09:00  INFO 49548 --- [    Test worker] org.hibernate.orm.connections.pooling    : HHH10001005: Database info:
	Database JDBC URL [Connecting through datasource 'org.springframework.jdbc.datasource.embedded.EmbeddedDatabaseFactory$EmbeddedDataSourceProxy@299cc8b5']
	Database driver: undefined/unknown
	Database version: 2.3.232
	Autocommit mode: undefined/unknown
	Isolation level: undefined/unknown
	Minimum pool size: undefined/unknown
	Maximum pool size: undefined/unknown
2025-08-05T01:44:58.800+09:00  INFO 49548 --- [    Test worker] o.h.e.t.j.p.i.JtaPlatformInitiator       : HHH000489: No JTA platform available (set 'hibernate.transaction.jta.platform' to enable JTA platform integration)
Hibernate: 
    drop table if exists attendances cascade 
Hibernate: 
    drop table if exists check_ins cascade 
Hibernate: 
    drop table if exists games cascade 
Hibernate: 
    drop table if exists members cascade 
Hibernate: 
    drop table if exists stadiums cascade 
Hibernate: 
    drop table if exists teams cascade 
Hibernate: 
    create table attendances (
        attendance_id bigint generated by default as identity,
        created_at timestamp(6) not null,
        game_id bigint not null,
        member_id bigint not null,
        modified_at timestamp(6) not null,
        content varchar(255),
        emotion varchar(255) not null,
        primary key (attendance_id)
    )
Hibernate: 
    create table check_ins (
        check_ins_id bigint generated by default as identity,
        game_id bigint not null,
        member_id bigint not null,
        primary key (check_ins_id)
    )
Hibernate: 
    create table games (
        away_bases_on_balls integer,
        away_errors integer,
        away_hits integer,
        away_runs integer,
        away_score integer,
        date date not null,
        home_bases_on_balls integer,
        home_errors integer,
        home_hits integer,
        home_runs integer,
        home_score integer,
        start_at time(6) not null,
        away_team_id bigint not null,
        game_id bigint generated by default as identity,
        home_team_id bigint not null,
        stadium_id bigint not null,
        game_code varchar(255) not null unique,
        game_state enum ('CANCELED','COMPLETED','LIVE','SCHEDULED'),
        primary key (game_id)
    )
Hibernate: 
    create table members (
        member_id bigint generated by default as identity,
        team_id bigint,
        nickname varchar(255) not null unique,
        role enum ('ADMIN','USER') not null,
        primary key (member_id)
    )
Hibernate: 
    create table stadiums (
        latitude float(53) not null,
        longitude float(53) not null,
        stadium_id bigint generated by default as identity,
        full_name varchar(255) not null unique,
        location varchar(255) not null,
        short_name varchar(255) not null unique,
        primary key (stadium_id)
    )
Hibernate: 
    create table teams (
        team_id bigint generated by default as identity,
        name varchar(255) not null unique,
        short_name varchar(255) not null unique,
        team_code varchar(255) not null unique,
        primary key (team_id)
    )
Hibernate: 
    alter table if exists attendances 
       add constraint FKk57buatyhi7gyacl4fjca1kyn 
       foreign key (game_id) 
       references games
Hibernate: 
    alter table if exists attendances 
       add constraint FKr7cd1e30648d21vcif5fgfttu 
       foreign key (member_id) 
       references members
Hibernate: 
    alter table if exists check_ins 
       add constraint FKnisshsxfvs6ppe2qtoc1jy9g6 
       foreign key (game_id) 
       references games
Hibernate: 
    alter table if exists check_ins 
       add constraint FKejp1an6sdpmragkv1ptxn6qxi 
       foreign key (member_id) 
       references members
Hibernate: 
    alter table if exists games 
       add constraint FKsxy8nadhptuk96oduoogs8p2c 
       foreign key (away_team_id) 
       references teams
Hibernate: 
    alter table if exists games 
       add constraint FKm58kfr0wpwqw4gbyan1wt4ohc 
       foreign key (home_team_id) 
       references teams
Hibernate: 
    alter table if exists games 
       add constraint FK8qmvvn736k8rf7iqqa72scgpl 
       foreign key (stadium_id) 
       references stadiums
Hibernate: 
    alter table if exists members 
       add constraint FKf4xefr0g300jkn6um58gf0l6i 
       foreign key (team_id) 
       references teams
2025-08-05T01:44:58.804+09:00  INFO 49548 --- [    Test worker] j.LocalContainerEntityManagerFactoryBean : Initialized JPA EntityManagerFactory for persistence unit 'default'
2025-08-05T01:44:58.823+09:00  INFO 49548 --- [    Test worker] c.y.checkin.service.CheckInServiceTest   : Started CheckInServiceTest in 0.082 seconds (process running for 5.034)
Hibernate: 
    select
        s1_0.stadium_id,
        s1_0.full_name,
        s1_0.latitude,
        s1_0.location,
        s1_0.longitude,
        s1_0.short_name 
    from
        stadiums s1_0 
    where
        s1_0.stadium_id=?
Hibernate: 
    select
        g1_0.game_id,
        g1_0.away_score,
        g1_0.away_bases_on_balls,
        g1_0.away_errors,
        g1_0.away_hits,
        g1_0.away_runs,
        g1_0.away_team_id,
        g1_0.date,
        g1_0.game_code,
        g1_0.game_state,
        g1_0.home_score,
        g1_0.home_bases_on_balls,
        g1_0.home_errors,
        g1_0.home_hits,
        g1_0.home_runs,
        g1_0.home_team_id,
        g1_0.stadium_id,
        g1_0.start_at 
    from
        games g1_0 
    where
        g1_0.stadium_id=? 
        and g1_0.date=?
Hibernate: 
    select
        m1_0.member_id,
        m1_0.nickname,
        m1_0.role,
        m1_0.team_id 
    from
        members m1_0 
    where
        m1_0.member_id=?
Hibernate: 
    select
        ci1_0.check_ins_id,
        s1_0.full_name,
        g1_0.home_team_id,
        ht1_0.short_name,
        g1_0.home_score,
        case 
            when g1_0.home_team_id=? 
                then true 
            else false 
    end,
    g1_0.away_team_id,
    at1_0.short_name,
    g1_0.away_score,
    case 
        when g1_0.away_team_id=? 
            then true 
        else false 
end,
g1_0.date 
from
    check_ins ci1_0 
join
    games g1_0 
        on g1_0.game_id=ci1_0.game_id 
join
    stadiums s1_0 
        on s1_0.stadium_id=g1_0.stadium_id 
join
    teams ht1_0 
        on ht1_0.team_id=g1_0.home_team_id 
join
    teams at1_0 
        on at1_0.team_id=g1_0.away_team_id 
where
    ci1_0.member_id=? 
    and (
        g1_0.home_team_id=? 
        or g1_0.away_team_id=?
    ) 
    and extract(year from g1_0.date)=? 
order by
    g1_0.date desc
Hibernate: 
    select
        s1_0.stadium_id,
        s1_0.full_name,
        s1_0.latitude,
        s1_0.location,
        s1_0.longitude,
        s1_0.short_name 
    from
        stadiums s1_0 
    where
        s1_0.stadium_id=?
Hibernate: 
    select
        g1_0.game_id,
        g1_0.away_score,
        g1_0.away_bases_on_balls,
        g1_0.away_errors,
        g1_0.away_hits,
        g1_0.away_runs,
        g1_0.away_team_id,
        g1_0.date,
        g1_0.game_code,
        g1_0.game_state,
        g1_0.home_score,
        g1_0.home_bases_on_balls,
        g1_0.home_errors,
        g1_0.home_hits,
        g1_0.home_runs,
        g1_0.home_team_id,
        g1_0.stadium_id,
        g1_0.start_at 
    from
        games g1_0 
    where
        g1_0.stadium_id=? 
        and g1_0.date=?
Hibernate: 
    select
        m1_0.member_id,
        m1_0.nickname,
        m1_0.role,
        m1_0.team_id 
    from
        members m1_0 
    where
        m1_0.member_id=?
Hibernate: 
    select
        m1_0.member_id,
        m1_0.nickname,
        m1_0.role,
        m1_0.team_id 
    from
        members m1_0 
    where
        m1_0.member_id=?
Hibernate: 
    select
        ci1_0.check_ins_id,
        s1_0.full_name,
        g1_0.home_team_id,
        ht1_0.short_name,
        g1_0.home_score,
        case 
            when g1_0.home_team_id=? 
                then true 
            else false 
    end,
    g1_0.away_team_id,
    at1_0.short_name,
    g1_0.away_score,
    case 
        when g1_0.away_team_id=? 
            then true 
        else false 
end,
g1_0.date 
from
    check_ins ci1_0 
join
    games g1_0 
        on g1_0.game_id=ci1_0.game_id 
join
    stadiums s1_0 
        on s1_0.stadium_id=g1_0.stadium_id 
join
    teams ht1_0 
        on ht1_0.team_id=g1_0.home_team_id 
join
    teams at1_0 
        on at1_0.team_id=g1_0.away_team_id 
where
    ci1_0.member_id=? 
    and (
        g1_0.home_team_id=? 
        or g1_0.away_team_id=?
    ) 
    and extract(year from g1_0.date)=? 
order by
    g1_0.date desc
Hibernate: 
    select
        s1_0.stadium_id,
        s1_0.full_name,
        s1_0.latitude,
        s1_0.location,
        s1_0.longitude,
        s1_0.short_name 
    from
        stadiums s1_0 
    where
        s1_0.stadium_id=?
Hibernate: 
    select
        g1_0.game_id,
        g1_0.away_score,
        g1_0.away_bases_on_balls,
        g1_0.away_errors,
        g1_0.away_hits,
        g1_0.away_runs,
        g1_0.away_team_id,
        g1_0.date,
        g1_0.game_code,
        g1_0.game_state,
        g1_0.home_score,
        g1_0.home_bases_on_balls,
        g1_0.home_errors,
        g1_0.home_hits,
        g1_0.home_runs,
        g1_0.home_team_id,
        g1_0.stadium_id,
        g1_0.start_at 
    from
        games g1_0 
    where
        g1_0.stadium_id=? 
        and g1_0.date=?
Hibernate: 
    select
        m1_0.member_id,
        m1_0.nickname,
        m1_0.role,
        m1_0.team_id 
    from
        members m1_0 
    where
        m1_0.member_id=?
Hibernate: 
    insert 
    into
        check_ins
        (game_id, member_id, check_ins_id) 
    values
        (?, ?, default)
Hibernate: 
    select
        s1_0.stadium_id,
        s1_0.full_name,
        s1_0.latitude,
        s1_0.location,
        s1_0.longitude,
        s1_0.short_name 
    from
        stadiums s1_0 
    where
        s1_0.stadium_id=?
Hibernate: 
    select
        m1_0.member_id,
        m1_0.nickname,
        m1_0.role,
        m1_0.team_id 
    from
        members m1_0 
    where
        m1_0.member_id=?
Hibernate: 
    select
        count(ci1_0.check_ins_id) 
    from
        check_ins ci1_0 
    join
        games g1_0 
            on g1_0.game_id=ci1_0.game_id 
    where
        ci1_0.member_id=? 
        and extract(year from g1_0.date)=?
]]></system-out>
  <system-err><![CDATA[]]></system-err>
</testsuite>
