<?xml version="1.0" encoding="UTF-8"?>
<testsuite name="com.yagubogu.stadium.StadiumIntegrationTest" tests="2" skipped="0" failures="0" errors="0" timestamp="2025-08-04T16:44:59.936Z" hostname="juno-3.local" time="0.302">
  <properties/>
  <testcase name="전체 구장 목록을 조회한다" classname="com.yagubogu.stadium.StadiumIntegrationTest" time="0.028"/>
  <testcase name="구장별 팬 점유율을 조회한다" classname="com.yagubogu.stadium.StadiumIntegrationTest" time="0.061"/>
  <system-out><![CDATA[2025-08-05T01:44:59.706+09:00  INFO 49548 --- [    Test worker] t.c.s.AnnotationConfigContextLoaderUtils : Could not detect default configuration classes for test class [com.yagubogu.stadium.StadiumIntegrationTest]: StadiumIntegrationTest does not declare any static, non-private, non-final, nested classes annotated with @Configuration.
2025-08-05T01:44:59.709+09:00  INFO 49548 --- [    Test worker] .b.t.c.SpringBootTestContextBootstrapper : Found @SpringBootConfiguration com.yagubogu.YaguboguApplication for test class com.yagubogu.stadium.StadiumIntegrationTest

  .   ____          _            __ _ _
 /\\ / ___'_ __ _ _(_)_ __  __ _ \ \ \ \
( ( )\___ | '_ | '_| | '_ \/ _` | \ \ \ \
 \\/  ___)| |_)| | | | | || (_| |  ) ) ) )
  '  |____| .__|_| |_|_| |_\__, | / / / /
 =========|_|==============|___/=/_/_/_/

 :: Spring Boot ::                (v3.5.3)

2025-08-05T01:44:59.718+09:00  INFO 49548 --- [    Test worker] c.y.stadium.StadiumIntegrationTest       : Starting StadiumIntegrationTest using Java 21.0.6 with PID 49548 (started by juno in /Users/juno/Workspace/2025-yagu-bogu/backend)
2025-08-05T01:44:59.718+09:00  INFO 49548 --- [    Test worker] c.y.stadium.StadiumIntegrationTest       : No active profile set, falling back to 1 default profile: "default"
2025-08-05T01:44:59.770+09:00  INFO 49548 --- [    Test worker] .s.d.r.c.RepositoryConfigurationDelegate : Bootstrapping Spring Data JPA repositories in DEFAULT mode.
2025-08-05T01:44:59.775+09:00  INFO 49548 --- [    Test worker] .s.d.r.c.RepositoryConfigurationDelegate : Finished Spring Data repository scanning in 4 ms. Found 5 JPA repository interfaces.
2025-08-05T01:44:59.802+09:00  INFO 49548 --- [    Test worker] o.s.b.w.embedded.tomcat.TomcatWebServer  : Tomcat initialized with port 0 (http)
2025-08-05T01:44:59.803+09:00  INFO 49548 --- [    Test worker] o.apache.catalina.core.StandardService   : Starting service [Tomcat]
2025-08-05T01:44:59.803+09:00  INFO 49548 --- [    Test worker] o.apache.catalina.core.StandardEngine    : Starting Servlet engine: [Apache Tomcat/10.1.42]
2025-08-05T01:44:59.808+09:00  INFO 49548 --- [    Test worker] o.a.c.c.C.[Tomcat].[localhost].[/]       : Initializing Spring embedded WebApplicationContext
2025-08-05T01:44:59.808+09:00  INFO 49548 --- [    Test worker] w.s.c.ServletWebServerApplicationContext : Root WebApplicationContext: initialization completed in 90 ms
2025-08-05T01:44:59.820+09:00  INFO 49548 --- [    Test worker] o.hibernate.jpa.internal.util.LogHelper  : HHH000204: Processing PersistenceUnitInfo [name: default]
2025-08-05T01:44:59.821+09:00  INFO 49548 --- [    Test worker] o.h.c.internal.RegionFactoryInitiator    : HHH000026: Second-level cache disabled
2025-08-05T01:44:59.824+09:00  INFO 49548 --- [    Test worker] o.s.o.j.p.SpringPersistenceUnitInfo      : No LoadTimeWeaver setup: ignoring JPA class transformer
2025-08-05T01:44:59.824+09:00  INFO 49548 --- [    Test worker] com.zaxxer.hikari.HikariDataSource       : HikariPool-10 - Starting...
2025-08-05T01:44:59.824+09:00  INFO 49548 --- [    Test worker] com.zaxxer.hikari.pool.HikariPool        : HikariPool-10 - Added connection conn59: url=jdbc:h2:mem:database user=SA
2025-08-05T01:44:59.827+09:00  INFO 49548 --- [    Test worker] com.zaxxer.hikari.HikariDataSource       : HikariPool-10 - Start completed.
2025-08-05T01:44:59.827+09:00  INFO 49548 --- [    Test worker] org.hibernate.orm.connections.pooling    : HHH10001005: Database info:
	Database JDBC URL [Connecting through datasource 'HikariDataSource (HikariPool-10)']
	Database driver: undefined/unknown
	Database version: 2.3.232
	Autocommit mode: undefined/unknown
	Isolation level: undefined/unknown
	Minimum pool size: undefined/unknown
	Maximum pool size: undefined/unknown
2025-08-05T01:44:59.849+09:00  INFO 49548 --- [    Test worker] o.h.e.t.j.p.i.JtaPlatformInitiator       : HHH000489: No JTA platform available (set 'hibernate.transaction.jta.platform' to enable JTA platform integration)
Hibernate: 
    drop table if exists attendances cascade 
Hibernate: 
    drop table if exists check_ins cascade 
Hibernate: 
    drop table if exists games cascade 
Hibernate: 
    drop table if exists members cascade 
Hibernate: 
    drop table if exists stadiums cascade 
Hibernate: 
    drop table if exists teams cascade 
Hibernate: 
    create table attendances (
        attendance_id bigint generated by default as identity,
        created_at timestamp(6) not null,
        game_id bigint not null,
        member_id bigint not null,
        modified_at timestamp(6) not null,
        content varchar(255),
        emotion varchar(255) not null,
        primary key (attendance_id)
    )
Hibernate: 
    create table check_ins (
        check_ins_id bigint generated by default as identity,
        game_id bigint not null,
        member_id bigint not null,
        primary key (check_ins_id)
    )
Hibernate: 
    create table games (
        away_bases_on_balls integer,
        away_errors integer,
        away_hits integer,
        away_runs integer,
        away_score integer,
        date date not null,
        home_bases_on_balls integer,
        home_errors integer,
        home_hits integer,
        home_runs integer,
        home_score integer,
        start_at time(6) not null,
        away_team_id bigint not null,
        game_id bigint generated by default as identity,
        home_team_id bigint not null,
        stadium_id bigint not null,
        game_code varchar(255) not null unique,
        game_state enum ('CANCELED','COMPLETED','LIVE','SCHEDULED'),
        primary key (game_id)
    )
Hibernate: 
    create table members (
        member_id bigint generated by default as identity,
        team_id bigint,
        nickname varchar(255) not null unique,
        role enum ('ADMIN','USER') not null,
        primary key (member_id)
    )
Hibernate: 
    create table stadiums (
        latitude float(53) not null,
        longitude float(53) not null,
        stadium_id bigint generated by default as identity,
        full_name varchar(255) not null unique,
        location varchar(255) not null,
        short_name varchar(255) not null unique,
        primary key (stadium_id)
    )
Hibernate: 
    create table teams (
        team_id bigint generated by default as identity,
        name varchar(255) not null unique,
        short_name varchar(255) not null unique,
        team_code varchar(255) not null unique,
        primary key (team_id)
    )
Hibernate: 
    alter table if exists attendances 
       add constraint FKk57buatyhi7gyacl4fjca1kyn 
       foreign key (game_id) 
       references games
Hibernate: 
    alter table if exists attendances 
       add constraint FKr7cd1e30648d21vcif5fgfttu 
       foreign key (member_id) 
       references members
Hibernate: 
    alter table if exists check_ins 
       add constraint FKnisshsxfvs6ppe2qtoc1jy9g6 
       foreign key (game_id) 
       references games
Hibernate: 
    alter table if exists check_ins 
       add constraint FKejp1an6sdpmragkv1ptxn6qxi 
       foreign key (member_id) 
       references members
Hibernate: 
    alter table if exists games 
       add constraint FKsxy8nadhptuk96oduoogs8p2c 
       foreign key (away_team_id) 
       references teams
Hibernate: 
    alter table if exists games 
       add constraint FKm58kfr0wpwqw4gbyan1wt4ohc 
       foreign key (home_team_id) 
       references teams
Hibernate: 
    alter table if exists games 
       add constraint FK8qmvvn736k8rf7iqqa72scgpl 
       foreign key (stadium_id) 
       references stadiums
Hibernate: 
    alter table if exists members 
       add constraint FKf4xefr0g300jkn6um58gf0l6i 
       foreign key (team_id) 
       references teams
2025-08-05T01:44:59.856+09:00  INFO 49548 --- [    Test worker] j.LocalContainerEntityManagerFactoryBean : Initialized JPA EntityManagerFactory for persistence unit 'default'
2025-08-05T01:44:59.897+09:00  WARN 49548 --- [    Test worker] JpaBaseConfiguration$JpaWebConfiguration : spring.jpa.open-in-view is enabled by default. Therefore, database queries may be performed during view rendering. Explicitly configure spring.jpa.open-in-view to disable this warning
2025-08-05T01:44:59.923+09:00  INFO 49548 --- [    Test worker] o.s.b.a.h2.H2ConsoleAutoConfiguration    : H2 console available at '/h2-console'. Database available at 'jdbc:h2:mem:database'
2025-08-05T01:44:59.934+09:00  INFO 49548 --- [    Test worker] o.s.b.w.embedded.tomcat.TomcatWebServer  : Tomcat started on port 51460 (http) with context path '/'
2025-08-05T01:44:59.936+09:00  INFO 49548 --- [    Test worker] c.y.stadium.StadiumIntegrationTest       : Started StadiumIntegrationTest in 0.226 seconds (process running for 6.147)
Request method:	GET
Request URI:	http://localhost:51460/api/stadiums?memberId=1&year=2025
Proxy:			<none>
Request params:	<none>
Query params:	memberId=1
				year=2025
Form params:	<none>
Path params:	<none>
Headers:		Accept=*/*
				Content-Type=application/json
Cookies:		<none>
Multiparts:		<none>
Body:			<none>
2025-08-05T01:44:59.943+09:00  INFO 49548 --- [o-auto-9-exec-1] o.a.c.c.C.[Tomcat].[localhost].[/]       : Initializing Spring DispatcherServlet 'dispatcherServlet'
2025-08-05T01:44:59.943+09:00  INFO 49548 --- [o-auto-9-exec-1] o.s.web.servlet.DispatcherServlet        : Initializing Servlet 'dispatcherServlet'
2025-08-05T01:44:59.943+09:00  INFO 49548 --- [o-auto-9-exec-1] o.s.web.servlet.DispatcherServlet        : Completed initialization in 0 ms
Hibernate: 
    select
        s1_0.stadium_id,
        s1_0.full_name,
        s1_0.latitude,
        s1_0.location,
        s1_0.longitude,
        s1_0.short_name 
    from
        stadiums s1_0
HTTP/1.1 200 
Content-Type: application/json
Transfer-Encoding: chunked
Date: Mon, 04 Aug 2025 16:44:59 GMT
Keep-Alive: timeout=60
Connection: keep-alive

{
    "stadiums": [
        {
            "id": 1,
            "fullName": "잠실 야구장",
            "shortName": "잠실구장",
            "location": "잠실",
            "latitude": 37.512192,
            "longitude": 127.072055
        },
        {
            "id": 2,
            "fullName": "고척 스카이돔",
            "shortName": "고척돔",
            "location": "고척",
            "latitude": 37.498191,
            "longitude": 126.867073
        },
        {
            "id": 3,
            "fullName": "인천 SSG 랜더스필드",
            "shortName": "랜더스필드",
            "location": "인천",
            "latitude": 37.437196,
            "longitude": 126.693294
        },
        {
            "id": 4,
            "fullName": "대전 한화생명 볼파크",
            "shortName": "볼파크",
            "location": "대전",
            "latitude": 36.316589,
            "longitude": 127.431211
        },
        {
            "id": 5,
            "fullName": "광주 KIA 챔피언스필드",
            "shortName": "챔피언스필드",
            "location": "광주",
            "latitude": 35.168282,
            "longitude": 126.889138
        },
        {
            "id": 6,
            "fullName": "대구 삼성라이온즈파크",
            "shortName": "라이온즈파크",
            "location": "대구",
            "latitude": 35.841318,
            "longitude": 128.681559
        },
        {
            "id": 7,
            "fullName": "창원 NC파크",
            "shortName": "엔씨파크",
            "location": "창원",
            "latitude": 35.222754,
            "longitude": 128.582251
        },
        {
            "id": 8,
            "fullName": "수원 KT위즈파크",
            "shortName": "위즈파크",
            "location": "수원",
            "latitude": 37.299977,
            "longitude": 127.00969
        },
        {
            "id": 9,
            "fullName": "부산 사직야구장",
            "shortName": "사직구장",
            "location": "부산",
            "latitude": 35.194146,
            "longitude": 129.061497
        }
    ]
}
2025-08-05T01:44:59.959+09:00  INFO 49548 --- [    Test worker] o.s.b.w.e.tomcat.GracefulShutdown        : Commencing graceful shutdown. Waiting for active requests to complete
2025-08-05T01:44:59.960+09:00  INFO 49548 --- [tomcat-shutdown] o.s.b.w.e.tomcat.GracefulShutdown        : Graceful shutdown complete
2025-08-05T01:44:59.961+09:00  INFO 49548 --- [    Test worker] j.LocalContainerEntityManagerFactoryBean : Closing JPA EntityManagerFactory for persistence unit 'default'
Hibernate: 
    drop table if exists attendances cascade 
Hibernate: 
    drop table if exists check_ins cascade 
Hibernate: 
    drop table if exists games cascade 
Hibernate: 
    drop table if exists members cascade 
Hibernate: 
    drop table if exists stadiums cascade 
Hibernate: 
    drop table if exists teams cascade 
2025-08-05T01:44:59.963+09:00  INFO 49548 --- [    Test worker] com.zaxxer.hikari.HikariDataSource       : HikariPool-10 - Shutdown initiated...
2025-08-05T01:44:59.963+09:00  INFO 49548 --- [    Test worker] com.zaxxer.hikari.HikariDataSource       : HikariPool-10 - Shutdown completed.

  .   ____          _            __ _ _
 /\\ / ___'_ __ _ _(_)_ __  __ _ \ \ \ \
( ( )\___ | '_ | '_| | '_ \/ _` | \ \ \ \
 \\/  ___)| |_)| | | | | || (_| |  ) ) ) )
  '  |____| .__|_| |_|_| |_\__, | / / / /
 =========|_|==============|___/=/_/_/_/

 :: Spring Boot ::                (v3.5.3)

2025-08-05T01:44:59.971+09:00  INFO 49548 --- [    Test worker] c.y.stadium.StadiumIntegrationTest       : Starting StadiumIntegrationTest using Java 21.0.6 with PID 49548 (started by juno in /Users/juno/Workspace/2025-yagu-bogu/backend)
2025-08-05T01:44:59.971+09:00  INFO 49548 --- [    Test worker] c.y.stadium.StadiumIntegrationTest       : No active profile set, falling back to 1 default profile: "default"
2025-08-05T01:45:00.018+09:00  INFO 49548 --- [    Test worker] .s.d.r.c.RepositoryConfigurationDelegate : Bootstrapping Spring Data JPA repositories in DEFAULT mode.
2025-08-05T01:45:00.022+09:00  INFO 49548 --- [    Test worker] .s.d.r.c.RepositoryConfigurationDelegate : Finished Spring Data repository scanning in 4 ms. Found 5 JPA repository interfaces.
2025-08-05T01:45:00.046+09:00  INFO 49548 --- [    Test worker] o.s.b.w.embedded.tomcat.TomcatWebServer  : Tomcat initialized with port 0 (http)
2025-08-05T01:45:00.046+09:00  INFO 49548 --- [    Test worker] o.apache.catalina.core.StandardService   : Starting service [Tomcat]
2025-08-05T01:45:00.046+09:00  INFO 49548 --- [    Test worker] o.apache.catalina.core.StandardEngine    : Starting Servlet engine: [Apache Tomcat/10.1.42]
2025-08-05T01:45:00.051+09:00  INFO 49548 --- [    Test worker] o.a.c.c.C.[Tomcat].[localhost].[/]       : Initializing Spring embedded WebApplicationContext
2025-08-05T01:45:00.051+09:00  INFO 49548 --- [    Test worker] w.s.c.ServletWebServerApplicationContext : Root WebApplicationContext: initialization completed in 80 ms
2025-08-05T01:45:00.062+09:00  INFO 49548 --- [    Test worker] o.hibernate.jpa.internal.util.LogHelper  : HHH000204: Processing PersistenceUnitInfo [name: default]
2025-08-05T01:45:00.062+09:00  INFO 49548 --- [    Test worker] o.h.c.internal.RegionFactoryInitiator    : HHH000026: Second-level cache disabled
2025-08-05T01:45:00.065+09:00  INFO 49548 --- [    Test worker] o.s.o.j.p.SpringPersistenceUnitInfo      : No LoadTimeWeaver setup: ignoring JPA class transformer
2025-08-05T01:45:00.065+09:00  INFO 49548 --- [    Test worker] com.zaxxer.hikari.HikariDataSource       : HikariPool-11 - Starting...
2025-08-05T01:45:00.065+09:00  INFO 49548 --- [    Test worker] com.zaxxer.hikari.pool.HikariPool        : HikariPool-11 - Added connection conn61: url=jdbc:h2:mem:database user=SA
2025-08-05T01:45:00.065+09:00  INFO 49548 --- [    Test worker] com.zaxxer.hikari.HikariDataSource       : HikariPool-11 - Start completed.
2025-08-05T01:45:00.065+09:00  INFO 49548 --- [    Test worker] org.hibernate.orm.connections.pooling    : HHH10001005: Database info:
	Database JDBC URL [Connecting through datasource 'HikariDataSource (HikariPool-11)']
	Database driver: undefined/unknown
	Database version: 2.3.232
	Autocommit mode: undefined/unknown
	Isolation level: undefined/unknown
	Minimum pool size: undefined/unknown
	Maximum pool size: undefined/unknown
2025-08-05T01:45:00.085+09:00  INFO 49548 --- [    Test worker] o.h.e.t.j.p.i.JtaPlatformInitiator       : HHH000489: No JTA platform available (set 'hibernate.transaction.jta.platform' to enable JTA platform integration)
Hibernate: 
    drop table if exists attendances cascade 
Hibernate: 
    drop table if exists check_ins cascade 
Hibernate: 
    drop table if exists games cascade 
Hibernate: 
    drop table if exists members cascade 
Hibernate: 
    drop table if exists stadiums cascade 
Hibernate: 
    drop table if exists teams cascade 
Hibernate: 
    create table attendances (
        attendance_id bigint generated by default as identity,
        created_at timestamp(6) not null,
        game_id bigint not null,
        member_id bigint not null,
        modified_at timestamp(6) not null,
        content varchar(255),
        emotion varchar(255) not null,
        primary key (attendance_id)
    )
Hibernate: 
    create table check_ins (
        check_ins_id bigint generated by default as identity,
        game_id bigint not null,
        member_id bigint not null,
        primary key (check_ins_id)
    )
Hibernate: 
    create table games (
        away_bases_on_balls integer,
        away_errors integer,
        away_hits integer,
        away_runs integer,
        away_score integer,
        date date not null,
        home_bases_on_balls integer,
        home_errors integer,
        home_hits integer,
        home_runs integer,
        home_score integer,
        start_at time(6) not null,
        away_team_id bigint not null,
        game_id bigint generated by default as identity,
        home_team_id bigint not null,
        stadium_id bigint not null,
        game_code varchar(255) not null unique,
        game_state enum ('CANCELED','COMPLETED','LIVE','SCHEDULED'),
        primary key (game_id)
    )
Hibernate: 
    create table members (
        member_id bigint generated by default as identity,
        team_id bigint,
        nickname varchar(255) not null unique,
        role enum ('ADMIN','USER') not null,
        primary key (member_id)
    )
Hibernate: 
    create table stadiums (
        latitude float(53) not null,
        longitude float(53) not null,
        stadium_id bigint generated by default as identity,
        full_name varchar(255) not null unique,
        location varchar(255) not null,
        short_name varchar(255) not null unique,
        primary key (stadium_id)
    )
Hibernate: 
    create table teams (
        team_id bigint generated by default as identity,
        name varchar(255) not null unique,
        short_name varchar(255) not null unique,
        team_code varchar(255) not null unique,
        primary key (team_id)
    )
Hibernate: 
    alter table if exists attendances 
       add constraint FKk57buatyhi7gyacl4fjca1kyn 
       foreign key (game_id) 
       references games
Hibernate: 
    alter table if exists attendances 
       add constraint FKr7cd1e30648d21vcif5fgfttu 
       foreign key (member_id) 
       references members
Hibernate: 
    alter table if exists check_ins 
       add constraint FKnisshsxfvs6ppe2qtoc1jy9g6 
       foreign key (game_id) 
       references games
Hibernate: 
    alter table if exists check_ins 
       add constraint FKejp1an6sdpmragkv1ptxn6qxi 
       foreign key (member_id) 
       references members
Hibernate: 
    alter table if exists games 
       add constraint FKsxy8nadhptuk96oduoogs8p2c 
       foreign key (away_team_id) 
       references teams
Hibernate: 
    alter table if exists games 
       add constraint FKm58kfr0wpwqw4gbyan1wt4ohc 
       foreign key (home_team_id) 
       references teams
Hibernate: 
    alter table if exists games 
       add constraint FK8qmvvn736k8rf7iqqa72scgpl 
       foreign key (stadium_id) 
       references stadiums
Hibernate: 
    alter table if exists members 
       add constraint FKf4xefr0g300jkn6um58gf0l6i 
       foreign key (team_id) 
       references teams
2025-08-05T01:45:00.091+09:00  INFO 49548 --- [    Test worker] j.LocalContainerEntityManagerFactoryBean : Initialized JPA EntityManagerFactory for persistence unit 'default'
2025-08-05T01:45:00.137+09:00  WARN 49548 --- [    Test worker] JpaBaseConfiguration$JpaWebConfiguration : spring.jpa.open-in-view is enabled by default. Therefore, database queries may be performed during view rendering. Explicitly configure spring.jpa.open-in-view to disable this warning
2025-08-05T01:45:00.164+09:00  INFO 49548 --- [    Test worker] o.s.b.a.h2.H2ConsoleAutoConfiguration    : H2 console available at '/h2-console'. Database available at 'jdbc:h2:mem:database'
2025-08-05T01:45:00.175+09:00  INFO 49548 --- [    Test worker] o.s.b.w.embedded.tomcat.TomcatWebServer  : Tomcat started on port 51463 (http) with context path '/'
2025-08-05T01:45:00.177+09:00  INFO 49548 --- [    Test worker] c.y.stadium.StadiumIntegrationTest       : Started StadiumIntegrationTest in 0.212 seconds (process running for 6.388)
Request method:	GET
Request URI:	http://localhost:51463/api/stadiums/1/occupancy-rate?date=2025-07-21
Proxy:			<none>
Request params:	<none>
Query params:	date=2025-07-21
Form params:	<none>
Path params:	stadiumId=1
Headers:		Accept=*/*
				Content-Type=application/json
Cookies:		<none>
Multiparts:		<none>
Body:			<none>
2025-08-05T01:45:00.183+09:00  INFO 49548 --- [-auto-10-exec-1] o.a.c.c.C.[Tomcat].[localhost].[/]       : Initializing Spring DispatcherServlet 'dispatcherServlet'
2025-08-05T01:45:00.183+09:00  INFO 49548 --- [-auto-10-exec-1] o.s.web.servlet.DispatcherServlet        : Initializing Servlet 'dispatcherServlet'
2025-08-05T01:45:00.184+09:00  INFO 49548 --- [-auto-10-exec-1] o.s.web.servlet.DispatcherServlet        : Completed initialization in 1 ms
Hibernate: 
    select
        s1_0.stadium_id,
        s1_0.full_name,
        s1_0.latitude,
        s1_0.location,
        s1_0.longitude,
        s1_0.short_name 
    from
        stadiums s1_0 
    where
        s1_0.stadium_id=?
Hibernate: 
    select
        g1_0.game_id,
        g1_0.away_score,
        g1_0.away_bases_on_balls,
        g1_0.away_errors,
        g1_0.away_hits,
        g1_0.away_runs,
        g1_0.away_team_id,
        g1_0.date,
        g1_0.game_code,
        g1_0.game_state,
        g1_0.home_score,
        g1_0.home_bases_on_balls,
        g1_0.home_errors,
        g1_0.home_hits,
        g1_0.home_runs,
        g1_0.home_team_id,
        g1_0.stadium_id,
        g1_0.start_at 
    from
        games g1_0 
    where
        g1_0.stadium_id=? 
        and g1_0.date=?
Hibernate: 
    select
        count(ci1_0.check_ins_id) 
    from
        check_ins ci1_0 
    where
        ci1_0.game_id=?
Hibernate: 
    select
        m1_0.team_id,
        t1_0.short_name,
        count(ci1_0.check_ins_id) 
    from
        check_ins ci1_0 
    join
        members m1_0 
            on m1_0.member_id=ci1_0.member_id 
    join
        teams t1_0 
            on t1_0.team_id=m1_0.team_id 
    where
        ci1_0.game_id=? 
    group by
        m1_0.team_id 
    order by
        count(ci1_0.check_ins_id) desc
HTTP/1.1 200 
Content-Type: application/json
Transfer-Encoding: chunked
Date: Mon, 04 Aug 2025 16:45:00 GMT
Keep-Alive: timeout=60
Connection: keep-alive

{
    "stadiumShortName": "잠실구장",
    "teams": [
        {
            "id": 1,
            "name": "기아",
            "occupancyRate": 66.7
        },
        {
            "id": 2,
            "name": "롯데",
            "occupancyRate": 33.3
        }
    ]
}
2025-08-05T01:45:00.200+09:00  INFO 49548 --- [    Test worker] o.s.b.w.e.tomcat.GracefulShutdown        : Commencing graceful shutdown. Waiting for active requests to complete
2025-08-05T01:45:00.201+09:00  INFO 49548 --- [tomcat-shutdown] o.s.b.w.e.tomcat.GracefulShutdown        : Graceful shutdown complete
2025-08-05T01:45:00.202+09:00  INFO 49548 --- [    Test worker] j.LocalContainerEntityManagerFactoryBean : Closing JPA EntityManagerFactory for persistence unit 'default'
Hibernate: 
    drop table if exists attendances cascade 
Hibernate: 
    drop table if exists check_ins cascade 
Hibernate: 
    drop table if exists games cascade 
Hibernate: 
    drop table if exists members cascade 
Hibernate: 
    drop table if exists stadiums cascade 
Hibernate: 
    drop table if exists teams cascade 
2025-08-05T01:45:00.203+09:00  INFO 49548 --- [    Test worker] com.zaxxer.hikari.HikariDataSource       : HikariPool-11 - Shutdown initiated...
2025-08-05T01:45:00.237+09:00  INFO 49548 --- [    Test worker] com.zaxxer.hikari.HikariDataSource       : HikariPool-11 - Shutdown completed.
]]></system-out>
  <system-err><![CDATA[]]></system-err>
</testsuite>
